<html>
<body>
<pre>
<h1>µVision Build Log</h1>
<h2>Tool Versions:</h2>
IDE-Version: µVision V5.23.0.0
Copyright (C) 2017 ARM Ltd and ARM Germany GmbH. All rights reserved.
License Information: mm Windows, HP Inc., LIC=----
 
Tool Versions:
Toolchain:       MDK-Lite  Version: 5.23
Toolchain Path:  C:\My programms\Keil\ARM\ARMCC\Bin
C Compiler:      Armcc.exe V5.06 update 4 (build 422)
Assembler:       Armasm.exe V5.06 update 4 (build 422)
Linker/Locator:  ArmLink.exe V5.06 update 4 (build 422)
Library Manager: ArmAr.exe V5.06 update 4 (build 422)
Hex Converter:   FromElf.exe V5.06 update 4 (build 422)
CPU DLL:         SARMCM3.DLL V5.23
Dialog DLL:      DARMSTM.DLL V1.68.0.0
Target DLL:      STLink\ST-LINKIII-KEIL_SWO.dll V2.0.18.0
Dialog DLL:      TARMSTM.DLL V1.66.0.0
 
<h2>Project:</h2>
C:\Users\Evgeny\Desktop\MK\Bubnikov_1_lab\ïðèìåðû\ïðèìåðû\led\newprj.uvproj
Project File Date:  10/19/2018

<h2>Output:</h2>
*** Using Compiler 'V5.06 update 4 (build 422)', folder: 'C:\My programms\Keil\ARM\ARMCC\Bin'
Rebuild target 'newprj'
compiling core_cm3.c...
Warning: C4052E: couldn't read file 'filename': No such file or directory
compiling system_stm32f10x.c...
Warning: C4052E: couldn't read file 'filename': No such file or directory
assembling startup_stm32f10x_ld.s...
compiling stm32f10x_rcc.c...
Warning: C4052E: couldn't read file 'filename': No such file or directory
compiling stm32f10x_gpio.c...
Warning: C4052E: couldn't read file 'filename': No such file or directory
compiling misc.c...
Warning: C4052E: couldn't read file 'filename': No such file or directory
compiling stm32f10x_tim.c...
Warning: C4052E: couldn't read file 'filename': No such file or directory
compiling stm32f10x_usart.c...
Warning: C4052E: couldn't read file 'filename': No such file or directory
compiling stm32f10x_adc.c...
Warning: C4052E: couldn't read file 'filename': No such file or directory
compiling stm32f10x_dma.c...
Warning: C4052E: couldn't read file 'filename': No such file or directory
compiling stm32f10x_flash.c...
Warning: C4052E: couldn't read file 'filename': No such file or directory
compiling stm32f10x_iwdg.c...
Warning: C4052E: couldn't read file 'filename': No such file or directory
compiling stm32f10x_exti.c...
Warning: C4052E: couldn't read file 'filename': No such file or directory
compiling stm32f10x_spi.c...
Warning: C4052E: couldn't read file 'filename': No such file or directory
compiling main.c...
Warning: C4052E: couldn't read file 'filename': No such file or directory
source\main.c(204): error:  #167: argument of type "volatile char *" is incompatible with parameter of type "const unsigned char *"
              USARTSend(RX_BUF);
source\main.c(207): warning:  #223-D: function "strupr" declared implicitly
              if (strncmp(strupr(RX_BUF), "ON\r", 3) == 0) {
source\main.c(207): error:  #167: argument of type "int" is incompatible with parameter of type "const char *"
              if (strncmp(strupr(RX_BUF), "ON\r", 3) == 0) {
source\main.c(212): warning:  #223-D: function "strupr" declared implicitly
              if (strncmp(strupr(RX_BUF), "OFF\r", 4) == 0) {
source\main.c(212): error:  #167: argument of type "int" is incompatible with parameter of type "const char *"
              if (strncmp(strupr(RX_BUF), "OFF\r", 4) == 0) {
source\main.c(220): warning:  #1-D: last line of file ends without a newline
  }
source\main.c: 3 warnings, 3 errors
compiling led.c...
Warning: C4052E: couldn't read file 'filename': No such file or directory
linking...
.\output\ïðãïðî.axf: error: L6002U: Could not open file .\output\main.o: No such file or directory
Not enough information to produce a FEEDBACK file.
Finished: 1 information, 0 warning, 0 error and 1 fatal error messages.
".\output\ïðãïðî.axf" - 4 Error(s), 3 Warning(s).
Target not created.
Build Time Elapsed:  00:00:13
</pre>
</body>
</html>
